e:\vs\c++_project\pokemon\pokemon\x64\debug\vc143.pdb
e:\vs\c++_project\pokemon\pokemon\x64\debug\vc143.idb
e:\vs\c++_project\pokemon\pokemon\x64\debug\main.obj
e:\vs\c++_project\pokemon\x64\debug\pokemon.exe
e:\vs\c++_project\pokemon\x64\debug\pokemon.pdb
e:\vs\c++_project\pokemon\pokemon\x64\debug\pokemon.ilk
c:\data(e)\vs\c++_project\pokemon\pokemon\x64\debug\main.obj
c:\data(e)\vs\c++_project\pokemon\pokemon\x64\debug\pokemon.ilk
c:\data(e)\vs\c++_project\pokemon\pokemon\x64\debug\vc143.idb
c:\data(e)\vs\c++_project\pokemon\pokemon\x64\debug\vc143.pdb
c:\data(e)\vs\c++_project\pokemon\x64\debug\pokemon.pdb
c:\data(e)\vs\c++_project\pokemon\x64\debug\pokemon.exe
c:\data(e)\vs\c++_project\pokemon\pokemon\x64\debug\pokemon.tlog\cl.command.1.tlog
c:\data(e)\vs\c++_project\pokemon\pokemon\x64\debug\pokemon.tlog\cl.items.tlog
c:\data(e)\vs\c++_project\pokemon\pokemon\x64\debug\pokemon.tlog\cl.read.1.tlog
c:\data(e)\vs\c++_project\pokemon\pokemon\x64\debug\pokemon.tlog\cl.write.1.tlog
c:\data(e)\vs\c++_project\pokemon\pokemon\x64\debug\pokemon.tlog\link.command.1.tlog
c:\data(e)\vs\c++_project\pokemon\pokemon\x64\debug\pokemon.tlog\link.read.1.tlog
c:\data(e)\vs\c++_project\pokemon\pokemon\x64\debug\pokemon.tlog\link.secondary.1.tlog
c:\data(e)\vs\c++_project\pokemon\pokemon\x64\debug\pokemon.tlog\link.write.1.tlog
